<?xml version="1.0" encoding="UTF-8"?>
<testsuite xmlns:xsi="http://www.w3.org/2001/XMLSchema-instance" xsi:noNamespaceSchemaLocation="https://maven.apache.org/surefire/maven-surefire-plugin/xsd/surefire-test-report.xsd" name="com.microsoft.azure.syncshim.SyncShimCosmosClientTest" time="2.689" tests="1" errors="0" skipped="0" failures="0">
  <properties>
    <property name="sun.desktop" value="windows"/>
    <property name="awt.toolkit" value="sun.awt.windows.WToolkit"/>
    <property name="file.encoding.pkg" value="sun.io"/>
    <property name="java.specification.version" value="1.8"/>
    <property name="sun.cpu.isalist" value="amd64"/>
    <property name="sun.jnu.encoding" value="Cp1252"/>
    <property name="java.class.path" value="C:\w\msft\cosmos\azurecosmosdbsyncshim\target\test-classes;C:\w\msft\cosmos\azurecosmosdbsyncshim\target\classes;C:\Users\chran\.m2\repository\io\github\cdimascio\java-dotenv\5.1.0\java-dotenv-5.1.0.jar;C:\Users\chran\.m2\repository\org\jetbrains\kotlin\kotlin-stdlib\1.3.21\kotlin-stdlib-1.3.21.jar;C:\Users\chran\.m2\repository\org\jetbrains\kotlin\kotlin-stdlib-common\1.3.21\kotlin-stdlib-common-1.3.21.jar;C:\Users\chran\.m2\repository\org\jetbrains\annotations\13.0\annotations-13.0.jar;C:\Users\chran\.m2\repository\junit\junit\4.11\junit-4.11.jar;C:\Users\chran\.m2\repository\org\hamcrest\hamcrest-core\1.3\hamcrest-core-1.3.jar;C:\Users\chran\.m2\repository\com\microsoft\azure\azure-cosmosdb\2.4.5\azure-cosmosdb-2.4.5.jar;C:\Users\chran\.m2\repository\com\microsoft\azure\azure-cosmosdb-commons\2.4.5\azure-cosmosdb-commons-2.4.5.jar;C:\Users\chran\.m2\repository\commons-validator\commons-validator\1.6\commons-validator-1.6.jar;C:\Users\chran\.m2\repository\commons-beanutils\commons-beanutils\1.9.2\commons-beanutils-1.9.2.jar;C:\Users\chran\.m2\repository\commons-digester\commons-digester\1.8.1\commons-digester-1.8.1.jar;C:\Users\chran\.m2\repository\commons-logging\commons-logging\1.2\commons-logging-1.2.jar;C:\Users\chran\.m2\repository\commons-collections\commons-collections\3.2.2\commons-collections-3.2.2.jar;C:\Users\chran\.m2\repository\io\netty\netty-handler-proxy\4.1.32.Final\netty-handler-proxy-4.1.32.Final.jar;C:\Users\chran\.m2\repository\io\netty\netty-codec-socks\4.1.32.Final\netty-codec-socks-4.1.32.Final.jar;C:\Users\chran\.m2\repository\org\apache\commons\commons-collections4\4.2\commons-collections4-4.2.jar;C:\Users\chran\.m2\repository\org\apache\commons\commons-text\1.6\commons-text-1.6.jar;C:\Users\chran\.m2\repository\com\microsoft\azure\azure-cosmosdb-gateway\2.4.5\azure-cosmosdb-gateway-2.4.5.jar;C:\Users\chran\.m2\repository\com\microsoft\azure\azure-cosmosdb-direct\2.4.5\azure-cosmosdb-direct-2.4.5.jar;C:\Users\chran\.m2\repository\com\google\guava\guava\27.0.1-jre\guava-27.0.1-jre.jar;C:\Users\chran\.m2\repository\com\google\guava\failureaccess\1.0.1\failureaccess-1.0.1.jar;C:\Users\chran\.m2\repository\com\google\guava\listenablefuture\9999.0-empty-to-avoid-conflict-with-guava\listenablefuture-9999.0-empty-to-avoid-conflict-with-guava.jar;C:\Users\chran\.m2\repository\com\google\code\findbugs\jsr305\3.0.2\jsr305-3.0.2.jar;C:\Users\chran\.m2\repository\org\checkerframework\checker-qual\2.5.2\checker-qual-2.5.2.jar;C:\Users\chran\.m2\repository\com\google\errorprone\error_prone_annotations\2.2.0\error_prone_annotations-2.2.0.jar;C:\Users\chran\.m2\repository\com\google\j2objc\j2objc-annotations\1.1\j2objc-annotations-1.1.jar;C:\Users\chran\.m2\repository\org\codehaus\mojo\animal-sniffer-annotations\1.17\animal-sniffer-annotations-1.17.jar;C:\Users\chran\.m2\repository\com\fasterxml\jackson\core\jackson-databind\2.9.8\jackson-databind-2.9.8.jar;C:\Users\chran\.m2\repository\com\fasterxml\jackson\core\jackson-annotations\2.9.0\jackson-annotations-2.9.0.jar;C:\Users\chran\.m2\repository\com\fasterxml\jackson\core\jackson-core\2.9.8\jackson-core-2.9.8.jar;C:\Users\chran\.m2\repository\com\fasterxml\uuid\java-uuid-generator\3.1.4\java-uuid-generator-3.1.4.jar;C:\Users\chran\.m2\repository\commons-io\commons-io\2.5\commons-io-2.5.jar;C:\Users\chran\.m2\repository\com\github\davidmoten\rxjava-extras\0.8.0.17\rxjava-extras-0.8.0.17.jar;C:\Users\chran\.m2\repository\io\reactivex\rxjava\1.3.8\rxjava-1.3.8.jar;C:\Users\chran\.m2\repository\io\reactivex\rxjava-string\1.1.1\rxjava-string-1.1.1.jar;C:\Users\chran\.m2\repository\io\reactivex\rxnetty\0.4.20\rxnetty-0.4.20.jar;C:\Users\chran\.m2\repository\io\netty\netty-codec-http\4.1.32.Final\netty-codec-http-4.1.32.Final.jar;C:\Users\chran\.m2\repository\io\netty\netty-codec\4.1.32.Final\netty-codec-4.1.32.Final.jar;C:\Users\chran\.m2\repository\io\netty\netty-handler\4.1.32.Final\netty-handler-4.1.32.Final.jar;C:\Users\chran\.m2\repository\io\netty\netty-buffer\4.1.32.Final\netty-buffer-4.1.32.Final.jar;C:\Users\chran\.m2\repository\io\netty\netty-common\4.1.32.Final\netty-common-4.1.32.Final.jar;C:\Users\chran\.m2\repository\io\netty\netty-transport\4.1.32.Final\netty-transport-4.1.32.Final.jar;C:\Users\chran\.m2\repository\io\netty\netty-resolver\4.1.32.Final\netty-resolver-4.1.32.Final.jar;C:\Users\chran\.m2\repository\org\slf4j\slf4j-api\1.7.6\slf4j-api-1.7.6.jar;C:\Users\chran\.m2\repository\org\apache\commons\commons-lang3\3.8.1\commons-lang3-3.8.1.jar;"/>
    <property name="java.vm.vendor" value="Oracle Corporation"/>
    <property name="sun.arch.data.model" value="64"/>
    <property name="user.variant" value=""/>
    <property name="java.vendor.url" value="http://java.oracle.com/"/>
    <property name="user.timezone" value="America/Los_Angeles"/>
    <property name="java.vm.specification.version" value="1.8"/>
    <property name="os.name" value="Windows 10"/>
    <property name="user.country" value="US"/>
    <property name="sun.java.launcher" value="SUN_STANDARD"/>
    <property name="sun.boot.library.path" value="C:\Program Files\Java\jdk1.8.0_201\jre\bin"/>
    <property name="sun.java.command" value="C:\Users\chran\AppData\Local\Temp\surefire1780681955581326524\surefirebooter6886698983499097789.jar C:\Users\chran\AppData\Local\Temp\surefire1780681955581326524 2019-06-05T11-44-43_907-jvmRun1 surefire3870600399574715550tmp surefire_02313616983781642921tmp"/>
    <property name="surefire.test.class.path" value="C:\w\msft\cosmos\azurecosmosdbsyncshim\target\test-classes;C:\w\msft\cosmos\azurecosmosdbsyncshim\target\classes;C:\Users\chran\.m2\repository\io\github\cdimascio\java-dotenv\5.1.0\java-dotenv-5.1.0.jar;C:\Users\chran\.m2\repository\org\jetbrains\kotlin\kotlin-stdlib\1.3.21\kotlin-stdlib-1.3.21.jar;C:\Users\chran\.m2\repository\org\jetbrains\kotlin\kotlin-stdlib-common\1.3.21\kotlin-stdlib-common-1.3.21.jar;C:\Users\chran\.m2\repository\org\jetbrains\annotations\13.0\annotations-13.0.jar;C:\Users\chran\.m2\repository\junit\junit\4.11\junit-4.11.jar;C:\Users\chran\.m2\repository\org\hamcrest\hamcrest-core\1.3\hamcrest-core-1.3.jar;C:\Users\chran\.m2\repository\com\microsoft\azure\azure-cosmosdb\2.4.5\azure-cosmosdb-2.4.5.jar;C:\Users\chran\.m2\repository\com\microsoft\azure\azure-cosmosdb-commons\2.4.5\azure-cosmosdb-commons-2.4.5.jar;C:\Users\chran\.m2\repository\commons-validator\commons-validator\1.6\commons-validator-1.6.jar;C:\Users\chran\.m2\repository\commons-beanutils\commons-beanutils\1.9.2\commons-beanutils-1.9.2.jar;C:\Users\chran\.m2\repository\commons-digester\commons-digester\1.8.1\commons-digester-1.8.1.jar;C:\Users\chran\.m2\repository\commons-logging\commons-logging\1.2\commons-logging-1.2.jar;C:\Users\chran\.m2\repository\commons-collections\commons-collections\3.2.2\commons-collections-3.2.2.jar;C:\Users\chran\.m2\repository\io\netty\netty-handler-proxy\4.1.32.Final\netty-handler-proxy-4.1.32.Final.jar;C:\Users\chran\.m2\repository\io\netty\netty-codec-socks\4.1.32.Final\netty-codec-socks-4.1.32.Final.jar;C:\Users\chran\.m2\repository\org\apache\commons\commons-collections4\4.2\commons-collections4-4.2.jar;C:\Users\chran\.m2\repository\org\apache\commons\commons-text\1.6\commons-text-1.6.jar;C:\Users\chran\.m2\repository\com\microsoft\azure\azure-cosmosdb-gateway\2.4.5\azure-cosmosdb-gateway-2.4.5.jar;C:\Users\chran\.m2\repository\com\microsoft\azure\azure-cosmosdb-direct\2.4.5\azure-cosmosdb-direct-2.4.5.jar;C:\Users\chran\.m2\repository\com\google\guava\guava\27.0.1-jre\guava-27.0.1-jre.jar;C:\Users\chran\.m2\repository\com\google\guava\failureaccess\1.0.1\failureaccess-1.0.1.jar;C:\Users\chran\.m2\repository\com\google\guava\listenablefuture\9999.0-empty-to-avoid-conflict-with-guava\listenablefuture-9999.0-empty-to-avoid-conflict-with-guava.jar;C:\Users\chran\.m2\repository\com\google\code\findbugs\jsr305\3.0.2\jsr305-3.0.2.jar;C:\Users\chran\.m2\repository\org\checkerframework\checker-qual\2.5.2\checker-qual-2.5.2.jar;C:\Users\chran\.m2\repository\com\google\errorprone\error_prone_annotations\2.2.0\error_prone_annotations-2.2.0.jar;C:\Users\chran\.m2\repository\com\google\j2objc\j2objc-annotations\1.1\j2objc-annotations-1.1.jar;C:\Users\chran\.m2\repository\org\codehaus\mojo\animal-sniffer-annotations\1.17\animal-sniffer-annotations-1.17.jar;C:\Users\chran\.m2\repository\com\fasterxml\jackson\core\jackson-databind\2.9.8\jackson-databind-2.9.8.jar;C:\Users\chran\.m2\repository\com\fasterxml\jackson\core\jackson-annotations\2.9.0\jackson-annotations-2.9.0.jar;C:\Users\chran\.m2\repository\com\fasterxml\jackson\core\jackson-core\2.9.8\jackson-core-2.9.8.jar;C:\Users\chran\.m2\repository\com\fasterxml\uuid\java-uuid-generator\3.1.4\java-uuid-generator-3.1.4.jar;C:\Users\chran\.m2\repository\commons-io\commons-io\2.5\commons-io-2.5.jar;C:\Users\chran\.m2\repository\com\github\davidmoten\rxjava-extras\0.8.0.17\rxjava-extras-0.8.0.17.jar;C:\Users\chran\.m2\repository\io\reactivex\rxjava\1.3.8\rxjava-1.3.8.jar;C:\Users\chran\.m2\repository\io\reactivex\rxjava-string\1.1.1\rxjava-string-1.1.1.jar;C:\Users\chran\.m2\repository\io\reactivex\rxnetty\0.4.20\rxnetty-0.4.20.jar;C:\Users\chran\.m2\repository\io\netty\netty-codec-http\4.1.32.Final\netty-codec-http-4.1.32.Final.jar;C:\Users\chran\.m2\repository\io\netty\netty-codec\4.1.32.Final\netty-codec-4.1.32.Final.jar;C:\Users\chran\.m2\repository\io\netty\netty-handler\4.1.32.Final\netty-handler-4.1.32.Final.jar;C:\Users\chran\.m2\repository\io\netty\netty-buffer\4.1.32.Final\netty-buffer-4.1.32.Final.jar;C:\Users\chran\.m2\repository\io\netty\netty-common\4.1.32.Final\netty-common-4.1.32.Final.jar;C:\Users\chran\.m2\repository\io\netty\netty-transport\4.1.32.Final\netty-transport-4.1.32.Final.jar;C:\Users\chran\.m2\repository\io\netty\netty-resolver\4.1.32.Final\netty-resolver-4.1.32.Final.jar;C:\Users\chran\.m2\repository\org\slf4j\slf4j-api\1.7.6\slf4j-api-1.7.6.jar;C:\Users\chran\.m2\repository\org\apache\commons\commons-lang3\3.8.1\commons-lang3-3.8.1.jar;"/>
    <property name="sun.cpu.endian" value="little"/>
    <property name="user.home" value="C:\Users\chran"/>
    <property name="user.language" value="en"/>
    <property name="java.specification.vendor" value="Oracle Corporation"/>
    <property name="java.home" value="C:\Program Files\Java\jdk1.8.0_201\jre"/>
    <property name="basedir" value="C:\w\msft\cosmos\azurecosmosdbsyncshim"/>
    <property name="file.separator" value="\"/>
    <property name="line.separator" value="&#10;"/>
    <property name="java.vm.specification.vendor" value="Oracle Corporation"/>
    <property name="java.specification.name" value="Java Platform API Specification"/>
    <property name="java.awt.graphicsenv" value="sun.awt.Win32GraphicsEnvironment"/>
    <property name="surefire.real.class.path" value="C:\Users\chran\AppData\Local\Temp\surefire1780681955581326524\surefirebooter6886698983499097789.jar"/>
    <property name="sun.boot.class.path" value="C:\Program Files\Java\jdk1.8.0_201\jre\lib\resources.jar;C:\Program Files\Java\jdk1.8.0_201\jre\lib\rt.jar;C:\Program Files\Java\jdk1.8.0_201\jre\lib\sunrsasign.jar;C:\Program Files\Java\jdk1.8.0_201\jre\lib\jsse.jar;C:\Program Files\Java\jdk1.8.0_201\jre\lib\jce.jar;C:\Program Files\Java\jdk1.8.0_201\jre\lib\charsets.jar;C:\Program Files\Java\jdk1.8.0_201\jre\lib\jfr.jar;C:\Program Files\Java\jdk1.8.0_201\jre\classes"/>
    <property name="user.script" value=""/>
    <property name="sun.management.compiler" value="HotSpot 64-Bit Tiered Compilers"/>
    <property name="java.runtime.version" value="1.8.0_201-b09"/>
    <property name="user.name" value="chran"/>
    <property name="path.separator" value=";"/>
    <property name="os.version" value="10.0"/>
    <property name="java.endorsed.dirs" value="C:\Program Files\Java\jdk1.8.0_201\jre\lib\endorsed"/>
    <property name="java.runtime.name" value="Java(TM) SE Runtime Environment"/>
    <property name="file.encoding" value="Cp1252"/>
    <property name="java.vm.name" value="Java HotSpot(TM) 64-Bit Server VM"/>
    <property name="localRepository" value="C:\Users\chran\.m2\repository"/>
    <property name="java.vendor.url.bug" value="http://bugreport.sun.com/bugreport/"/>
    <property name="java.io.tmpdir" value="C:\Users\chran\AppData\Local\Temp\"/>
    <property name="java.version" value="1.8.0_201"/>
    <property name="user.dir" value="C:\w\msft\cosmos\azurecosmosdbsyncshim"/>
    <property name="os.arch" value="amd64"/>
    <property name="java.vm.specification.name" value="Java Virtual Machine Specification"/>
    <property name="java.awt.printerjob" value="sun.awt.windows.WPrinterJob"/>
    <property name="sun.os.patch.level" value=""/>
    <property name="java.library.path" value="C:\Program Files\Java\jdk1.8.0_201\jre\bin;C:\windows\Sun\Java\bin;C:\windows\system32;C:\windows;C:\ProgramData\DockerDesktop\version-bin;C:\Program Files\Docker\Docker\Resources\bin;C:\Program Files (x86)\Microsoft SDKs\Azure\CLI2\wbin;C:\Program Files (x86)\Common Files\Oracle\Java\javapath;C:\windows\system32;C:\windows;C:\windows\System32\Wbem;C:\windows\System32\WindowsPowerShell\v1.0\;C:\windows\System32\OpenSSH\;C:\Program Files\dotnet\;C:\Program Files\Microsoft SQL Server\130\Tools\Binn\;C:\Users\chran\apache-maven-3.6.0-bin\apache-maven-3.6.0\bin;C:\Program Files\PuTTY\;C:\Program Files\Git\cmd;C:\Users\chran\AppData\Local\Programs\Python\Python37\Scripts\;C:\Users\chran\AppData\Local\Programs\Python\Python37\;C:\Users\chran\AppData\Local\Microsoft\WindowsApps;C:\Users\chran\AppData\Local\nvs\;C:\Users\chran\AppData\Local\nvs\default;C:\Users\chran\AppData\Local\Programs\Microsoft VS Code\bin;C:\Program Files\JetBrains\IntelliJ IDEA Community Edition 2018.3.3\bin;C:\Users\chran\.dotnet\tools;C:\Users\chran\AppData\Roaming\Python\Python37\Scripts;."/>
    <property name="java.vm.info" value="mixed mode"/>
    <property name="java.vendor" value="Oracle Corporation"/>
    <property name="java.vm.version" value="25.201-b09"/>
    <property name="java.ext.dirs" value="C:\Program Files\Java\jdk1.8.0_201\jre\lib\ext;C:\windows\Sun\Java\lib\ext"/>
    <property name="sun.io.unicode.encoding" value="UnicodeLittle"/>
    <property name="java.class.version" value="52.0"/>
  </properties>
  <testcase name="doSimpleCrud" classname="com.microsoft.azure.syncshim.SyncShimCosmosClientTest" time="2.65"/>
</testsuite>